2025-02-15T16:44:02.175Z [info]: HTTP server listening on port 3001
2025-02-15T16:44:02.704Z [info]: Bot is online
2025-02-15T17:39:36.703Z [info]: HTTP server listening on port 3001
2025-02-15T17:39:37.354Z [info]: Bot is online
2025-02-15T17:42:22.150Z [info]: HTTP server listening on port 3001
2025-02-15T17:42:22.879Z [info]: Bot is online
2025-02-15T17:46:29.351Z [info]: HTTP server listening on port 3001
2025-02-15T17:46:29.942Z [info]: Bot is online
2025-02-15T17:47:09.162Z [info]: HTTP server listening on port 3001
2025-02-15T17:47:09.753Z [info]: Bot is online
2025-02-15T17:51:10.183Z [info]: HTTP server listening on port 3001
2025-02-15T17:51:10.853Z [info]: Bot is online
2025-02-15T17:52:58.501Z [info]: HTTP server listening on port 3001
2025-02-15T17:52:59.055Z [info]: Bot is online
2025-02-15T17:53:06.349Z [info]: HTTP server listening on port 3001
2025-02-15T17:53:07.219Z [info]: Bot is online
2025-02-15T17:53:29.766Z [info]: HTTP server listening on port 3001
2025-02-15T17:53:30.328Z [info]: Bot is online
2025-02-15T18:45:02.974Z [info]: HTTP server listening on port 3001
2025-02-15T18:45:03.160Z [error]: Error [TokenInvalid]: An invalid token was provided.
    at WebSocketManager.connect (C:\Users\info\Documents\Discord Bot\Pyro-monorepo-1.0\node_modules\.pnpm\discord.js@14.18.0\node_modules\discord.js\src\client\websocket\WebSocketManager.js:136:26)
    at Client.login (C:\Users\info\Documents\Discord Bot\Pyro-monorepo-1.0\node_modules\.pnpm\discord.js@14.18.0\node_modules\discord.js\src\client\Client.js:228:21)
    at file:///C:/Users/info/Documents/Discord%20Bot/Pyro-monorepo-1.0/apps/bot/src/index.ts:39:8
    at ModuleJob.run (node:internal/modules/esm/module_job:271:25)
    at async onImport.tracePromise.__proto__ (node:internal/modules/esm/loader:547:26)
    at async asyncRunEntryPointWithESMLoader (node:internal/modules/run_main:116:5)
