2025-02-18T08:54:26.780Z [info]: HTTP server listening on port 3001
2025-02-18T08:54:27.450Z [info]: Bot is online
2025-02-18T13:43:36.404Z [info]: HTTP server listening on port 3001
2025-02-18T13:43:37.115Z [info]: Bot is online
2025-02-18T13:43:42.734Z [info]: HTTP server listening on port 3001
2025-02-18T13:43:43.287Z [info]: Bot is online
2025-02-18T13:43:55.340Z [info]: HTTP server listening on port 3001
2025-02-18T13:43:55.910Z [info]: Bot is online
2025-02-18T13:43:59.447Z [info]: HTTP server listening on port 3001
2025-02-18T13:44:00.068Z [info]: Bot is online
2025-02-18T13:59:34.210Z [error]: Error: Cannot extend type "Query" because it is not defined.

Unknown type "Query".
    at assertValidSDL (C:\Users\info\Documents\Discord Bot\Pyro-monorepo-1.0\node_modules\.pnpm\graphql@16.10.0\node_modules\graphql\validation\validate.js:135:11)
    at buildASTSchema (C:\Users\info\Documents\Discord Bot\Pyro-monorepo-1.0\node_modules\.pnpm\graphql@16.10.0\node_modules\graphql\utilities\buildASTSchema.js:44:34)
    at makeExecutableSchema (C:\Users\info\Documents\Discord Bot\Pyro-monorepo-1.0\node_modules\.pnpm\@graphql-tools+schema@8.5.1_graphql@16.10.0\node_modules\@graphql-tools\schema\cjs\makeExecutableSchema.js:74:47)
    at ApolloServer.constructSchema (C:\Users\info\Documents\Discord Bot\Pyro-monorepo-1.0\node_modules\.pnpm\apollo-server-core@3.13.0_graphql@16.10.0\node_modules\apollo-server-core\dist\ApolloServer.js:361:50)
    at new ApolloServerBase (C:\Users\info\Documents\Discord Bot\Pyro-monorepo-1.0\node_modules\.pnpm\apollo-server-core@3.13.0_graphql@16.10.0\node_modules\apollo-server-core\dist\ApolloServer.js:165:75)
    at new ApolloServer (C:\Users\info\Documents\Discord Bot\Pyro-monorepo-1.0\node_modules\.pnpm\apollo-server-express@3.13.0_express@4.21.2_graphql@16.10.0\node_modules\apollo-server-express\dist\ApolloServer.js:13:1)
    at startServer (file:///C:/Users/info/Documents/Discord%20Bot/Pyro-monorepo-1.0/apps/bot/src/index.ts:25:26)
    at file:///C:/Users/info/Documents/Discord%20Bot/Pyro-monorepo-1.0/apps/bot/src/index.ts:43:1
    at ModuleJob.run (node:internal/modules/esm/module_job:271:25)
    at async onImport.tracePromise.__proto__ (node:internal/modules/esm/loader:547:26)
2025-02-18T13:59:35.059Z [info]: Bot is online
2025-02-18T13:59:50.484Z [error]: Error: Cannot extend type "Query" because it is not defined.

Unknown type "Query".
    at assertValidSDL (C:\Users\info\Documents\Discord Bot\Pyro-monorepo-1.0\node_modules\.pnpm\graphql@16.10.0\node_modules\graphql\validation\validate.js:135:11)
    at buildASTSchema (C:\Users\info\Documents\Discord Bot\Pyro-monorepo-1.0\node_modules\.pnpm\graphql@16.10.0\node_modules\graphql\utilities\buildASTSchema.js:44:34)
    at makeExecutableSchema (C:\Users\info\Documents\Discord Bot\Pyro-monorepo-1.0\node_modules\.pnpm\@graphql-tools+schema@8.5.1_graphql@16.10.0\node_modules\@graphql-tools\schema\cjs\makeExecutableSchema.js:74:47)
    at ApolloServer.constructSchema (C:\Users\info\Documents\Discord Bot\Pyro-monorepo-1.0\node_modules\.pnpm\apollo-server-core@3.13.0_graphql@16.10.0\node_modules\apollo-server-core\dist\ApolloServer.js:361:50)
    at new ApolloServerBase (C:\Users\info\Documents\Discord Bot\Pyro-monorepo-1.0\node_modules\.pnpm\apollo-server-core@3.13.0_graphql@16.10.0\node_modules\apollo-server-core\dist\ApolloServer.js:165:75)
    at new ApolloServer (C:\Users\info\Documents\Discord Bot\Pyro-monorepo-1.0\node_modules\.pnpm\apollo-server-express@3.13.0_express@4.21.2_graphql@16.10.0\node_modules\apollo-server-express\dist\ApolloServer.js:13:1)
    at startServer (file:///C:/Users/info/Documents/Discord%20Bot/Pyro-monorepo-1.0/apps/bot/src/index.ts:25:26)
    at file:///C:/Users/info/Documents/Discord%20Bot/Pyro-monorepo-1.0/apps/bot/src/index.ts:43:1
    at ModuleJob.run (node:internal/modules/esm/module_job:271:25)
    at async onImport.tracePromise.__proto__ (node:internal/modules/esm/loader:547:26)
2025-02-18T13:59:51.111Z [info]: Bot is online
2025-02-18T14:01:08.697Z [error]: Error: Cannot extend type "Query" because it is not defined.

Unknown type "Query".
    at assertValidSDL (C:\Users\info\Documents\Discord Bot\Pyro-monorepo-1.0\node_modules\.pnpm\graphql@16.10.0\node_modules\graphql\validation\validate.js:135:11)
    at buildASTSchema (C:\Users\info\Documents\Discord Bot\Pyro-monorepo-1.0\node_modules\.pnpm\graphql@16.10.0\node_modules\graphql\utilities\buildASTSchema.js:44:34)
    at makeExecutableSchema (C:\Users\info\Documents\Discord Bot\Pyro-monorepo-1.0\node_modules\.pnpm\@graphql-tools+schema@8.5.1_graphql@16.10.0\node_modules\@graphql-tools\schema\cjs\makeExecutableSchema.js:74:47)
    at ApolloServer.constructSchema (C:\Users\info\Documents\Discord Bot\Pyro-monorepo-1.0\node_modules\.pnpm\apollo-server-core@3.13.0_graphql@16.10.0\node_modules\apollo-server-core\dist\ApolloServer.js:361:50)
    at new ApolloServerBase (C:\Users\info\Documents\Discord Bot\Pyro-monorepo-1.0\node_modules\.pnpm\apollo-server-core@3.13.0_graphql@16.10.0\node_modules\apollo-server-core\dist\ApolloServer.js:165:75)
    at new ApolloServer (C:\Users\info\Documents\Discord Bot\Pyro-monorepo-1.0\node_modules\.pnpm\apollo-server-express@3.13.0_express@4.21.2_graphql@16.10.0\node_modules\apollo-server-express\dist\ApolloServer.js:13:1)
    at startServer (file:///C:/Users/info/Documents/Discord%20Bot/Pyro-monorepo-1.0/apps/bot/src/index.ts:25:26)
    at file:///C:/Users/info/Documents/Discord%20Bot/Pyro-monorepo-1.0/apps/bot/src/index.ts:43:1
    at ModuleJob.run (node:internal/modules/esm/module_job:271:25)
    at async onImport.tracePromise.__proto__ (node:internal/modules/esm/loader:547:26)
2025-02-18T14:01:12.274Z [error]: Error: Cannot extend type "Query" because it is not defined.

Unknown type "Query".
    at assertValidSDL (C:\Users\info\Documents\Discord Bot\Pyro-monorepo-1.0\node_modules\.pnpm\graphql@16.10.0\node_modules\graphql\validation\validate.js:135:11)
    at buildASTSchema (C:\Users\info\Documents\Discord Bot\Pyro-monorepo-1.0\node_modules\.pnpm\graphql@16.10.0\node_modules\graphql\utilities\buildASTSchema.js:44:34)
    at makeExecutableSchema (C:\Users\info\Documents\Discord Bot\Pyro-monorepo-1.0\node_modules\.pnpm\@graphql-tools+schema@8.5.1_graphql@16.10.0\node_modules\@graphql-tools\schema\cjs\makeExecutableSchema.js:74:47)
    at ApolloServer.constructSchema (C:\Users\info\Documents\Discord Bot\Pyro-monorepo-1.0\node_modules\.pnpm\apollo-server-core@3.13.0_graphql@16.10.0\node_modules\apollo-server-core\dist\ApolloServer.js:361:50)
    at new ApolloServerBase (C:\Users\info\Documents\Discord Bot\Pyro-monorepo-1.0\node_modules\.pnpm\apollo-server-core@3.13.0_graphql@16.10.0\node_modules\apollo-server-core\dist\ApolloServer.js:165:75)
    at new ApolloServer (C:\Users\info\Documents\Discord Bot\Pyro-monorepo-1.0\node_modules\.pnpm\apollo-server-express@3.13.0_express@4.21.2_graphql@16.10.0\node_modules\apollo-server-express\dist\ApolloServer.js:13:1)
    at startServer (file:///C:/Users/info/Documents/Discord%20Bot/Pyro-monorepo-1.0/apps/bot/src/index.ts:25:26)
    at file:///C:/Users/info/Documents/Discord%20Bot/Pyro-monorepo-1.0/apps/bot/src/index.ts:43:1
    at ModuleJob.run (node:internal/modules/esm/module_job:271:25)
    at async onImport.tracePromise.__proto__ (node:internal/modules/esm/loader:547:26)
2025-02-18T14:01:13.109Z [info]: Bot is online
2025-02-18T14:07:33.108Z [info]: HTTP server listening on port 3003
2025-02-18T14:07:33.109Z [info]: GraphQL endpoint available at http://localhost:3003/graphql
2025-02-18T14:07:33.717Z [info]: Bot is online
2025-02-18T14:07:37.543Z [info]: HTTP server listening on port 3003
2025-02-18T14:07:37.544Z [info]: GraphQL endpoint available at http://localhost:3003/graphql
2025-02-18T14:07:38.155Z [info]: Bot is online
2025-02-18T14:07:54.349Z [info]: HTTP server listening on port 3003
2025-02-18T14:07:54.351Z [info]: GraphQL endpoint available at http://localhost:3003/graphql
2025-02-18T14:07:54.911Z [info]: Bot is online
2025-02-18T14:22:03.926Z [info]: HTTP server listening on port 3003
2025-02-18T14:22:03.928Z [info]: GraphQL endpoint available at http://localhost:3003/graphql
2025-02-18T14:22:04.574Z [info]: Bot is online
2025-02-18T14:36:51.825Z [info]: HTTP server listening on port 3003
2025-02-18T14:36:51.826Z [info]: GraphQL endpoint available at http://localhost:3003/graphql
2025-02-18T14:36:52.560Z [info]: Bot is online
2025-02-18T14:37:07.684Z [info]: HTTP server listening on port 3003
2025-02-18T14:37:07.686Z [info]: GraphQL endpoint available at http://localhost:3003/graphql
2025-02-18T14:37:08.408Z [info]: Bot is online
2025-02-18T14:45:26.876Z [info]: HTTP server listening on port 3003
2025-02-18T14:45:26.878Z [info]: GraphQL endpoint available at http://localhost:3003/graphql
2025-02-18T14:45:27.546Z [info]: Bot is online
2025-02-18T14:45:35.029Z [info]: HTTP server listening on port 3003
2025-02-18T14:45:35.031Z [info]: GraphQL endpoint available at http://localhost:3003/graphql
2025-02-18T14:45:35.688Z [info]: Bot is online
2025-02-18T14:47:01.155Z [info]: HTTP server listening on port 3003
2025-02-18T14:47:01.156Z [info]: GraphQL endpoint available at http://localhost:3003/graphql
2025-02-18T14:47:05.165Z [info]: HTTP server listening on port 3003
2025-02-18T14:47:05.166Z [info]: GraphQL endpoint available at http://localhost:3003/graphql
2025-02-18T14:47:05.863Z [info]: Bot is online
2025-02-18T15:33:14.416Z [info]: HTTP server listening on port 3003
2025-02-18T15:33:14.417Z [info]: GraphQL endpoint available at http://localhost:3003/graphql
2025-02-18T15:33:14.988Z [info]: Bot is online
2025-02-18T15:33:34.285Z [info]: HTTP server listening on port 3003
2025-02-18T15:33:34.286Z [info]: GraphQL endpoint available at http://localhost:3003/graphql
2025-02-18T15:33:34.858Z [info]: Bot is online
2025-02-18T15:35:24.946Z [info]: HTTP server listening on port 3003
2025-02-18T15:35:24.947Z [info]: GraphQL endpoint available at http://localhost:3003/graphql
2025-02-18T15:35:25.682Z [info]: Bot is online
2025-02-18T15:35:49.196Z [info]: HTTP server listening on port 3003
2025-02-18T15:35:49.198Z [info]: GraphQL endpoint available at http://localhost:3003/graphql
2025-02-18T15:35:49.977Z [info]: Bot is online
2025-02-18T15:37:05.948Z [info]: Bot is online
2025-02-18T15:37:06.003Z [info]: HTTP server listening on port 3003
2025-02-18T15:37:06.003Z [info]: GraphQL endpoint available at http://localhost:3003/graphql
2025-02-18T15:42:53.552Z [info]: Bot is online
2025-02-18T15:42:53.607Z [info]: HTTP server listening on port 3003
2025-02-18T15:42:53.607Z [info]: GraphQL endpoint available at http://localhost:3003/graphql
2025-02-18T16:44:33.690Z [info]: Bot is online
2025-02-18T16:44:33.749Z [info]: HTTP server listening on port 3003
2025-02-18T16:44:33.750Z [info]: GraphQL endpoint available at http://localhost:3003/graphql
2025-02-18T22:51:07.661Z [info]: Bot is online
2025-02-18T22:51:07.719Z [info]: HTTP server listening on port 3003
2025-02-18T22:51:07.720Z [info]: GraphQL endpoint available at http://localhost:3003/graphql
