2025-02-25T23:00:14.767Z [info]: Discord.js debug:
2025-02-25T23:00:56.018Z [info]: Discord.js debug:
2025-02-25T23:01:37.279Z [info]: Discord.js debug:
2025-02-25T23:02:18.526Z [info]: Discord.js debug:
2025-02-25T23:02:59.796Z [info]: Discord.js debug:
2025-02-25T23:03:41.046Z [info]: Discord.js debug:
2025-02-25T23:04:22.301Z [info]: Discord.js debug:
2025-02-25T23:05:03.550Z [info]: Discord.js debug:
2025-02-25T23:05:44.809Z [info]: Discord.js debug:
2025-02-25T23:06:26.066Z [info]: Discord.js debug:
2025-02-25T23:07:07.326Z [info]: Discord.js debug:
2025-02-25T23:07:48.585Z [info]: Discord.js debug:
2025-02-25T23:08:29.845Z [info]: Discord.js debug:
2025-02-25T23:09:11.101Z [info]: Discord.js debug:
2025-02-25T23:09:52.359Z [info]: Discord.js debug:
2025-02-25T23:10:33.617Z [info]: Discord.js debug:
2025-02-25T23:11:14.871Z [info]: Discord.js debug:
2025-02-25T23:11:56.127Z [info]: Discord.js debug:
2025-02-25T23:12:37.377Z [info]: Discord.js debug:
2025-02-25T23:13:18.644Z [info]: Discord.js debug:
2025-02-25T23:13:59.896Z [info]: Discord.js debug:
2025-02-25T23:14:41.161Z [info]: Discord.js debug:
2025-02-25T23:15:22.412Z [info]: Discord.js debug:
2025-02-25T23:16:03.673Z [info]: Discord.js debug:
2025-02-25T23:16:44.920Z [info]: Discord.js debug:
2025-02-25T23:17:26.187Z [info]: Discord.js debug:
2025-02-25T23:18:07.437Z [info]: Discord.js debug:
2025-02-25T23:18:48.687Z [info]: Discord.js debug:
2025-02-25T23:19:29.943Z [info]: Discord.js debug:
2025-02-25T23:20:11.203Z [info]: Discord.js debug:
2025-02-25T23:20:52.472Z [info]: Discord.js debug:
2025-02-25T23:21:33.718Z [info]: Discord.js debug:
2025-02-25T23:22:14.976Z [info]: Discord.js debug:
2025-02-25T23:22:56.230Z [info]: Discord.js debug:
2025-02-25T23:23:37.503Z [info]: Discord.js debug:
2025-02-25T23:24:18.753Z [info]: Discord.js debug:
2025-02-25T23:25:00.014Z [info]: Discord.js debug:
2025-02-25T23:25:41.269Z [info]: Discord.js debug:
2025-02-25T23:26:22.543Z [info]: Discord.js debug:
2025-02-25T23:27:03.800Z [info]: Discord.js debug:
2025-02-25T23:27:45.061Z [info]: Discord.js debug:
2025-02-25T23:28:26.326Z [info]: Discord.js debug:
2025-02-25T23:29:07.591Z [info]: Discord.js debug:
2025-02-25T23:29:48.849Z [info]: Discord.js debug:
2025-02-25T23:30:30.092Z [info]: Discord.js debug:
2025-02-25T23:31:11.344Z [info]: Discord.js debug:
2025-02-25T23:31:52.604Z [info]: Discord.js debug:
2025-02-25T23:32:33.875Z [info]: Discord.js debug:
2025-02-25T23:33:15.121Z [info]: Discord.js debug:
2025-02-25T23:33:56.370Z [info]: Discord.js debug:
2025-02-25T23:34:37.624Z [info]: Discord.js debug:
2025-02-25T23:35:18.880Z [info]: Discord.js debug:
2025-02-25T23:36:00.141Z [info]: Discord.js debug:
2025-02-25T23:36:41.400Z [info]: Discord.js debug:
2025-02-25T23:37:22.658Z [info]: Discord.js debug:
2025-02-25T23:38:03.925Z [info]: Discord.js debug:
2025-02-25T23:38:45.177Z [info]: Discord.js debug:
2025-02-25T23:39:26.432Z [info]: Discord.js debug:
2025-02-25T23:40:07.683Z [info]: Discord.js debug:
2025-02-25T23:40:48.946Z [info]: Discord.js debug:
2025-02-25T23:41:30.207Z [info]: Discord.js debug:
2025-02-25T23:42:11.466Z [info]: Discord.js debug:
2025-02-25T23:42:52.719Z [info]: Discord.js debug:
2025-02-25T23:43:33.975Z [info]: Discord.js debug:
2025-02-25T23:44:15.229Z [info]: Discord.js debug:
2025-02-25T23:44:56.483Z [info]: Discord.js debug:
2025-02-25T23:45:37.741Z [info]: Discord.js debug:
2025-02-25T23:46:19.006Z [info]: Discord.js debug:
2025-02-25T23:47:00.260Z [info]: Discord.js debug:
2025-02-25T23:47:41.516Z [info]: Discord.js debug:
2025-02-25T23:48:22.776Z [info]: Discord.js debug:
2025-02-25T23:49:04.025Z [info]: Discord.js debug:
2025-02-25T23:49:45.275Z [info]: Discord.js debug:
2025-02-25T23:50:26.535Z [info]: Discord.js debug:
2025-02-25T23:51:07.788Z [info]: Discord.js debug:
2025-02-25T23:51:49.045Z [info]: Discord.js debug:
2025-02-25T23:52:30.293Z [info]: Discord.js debug:
2025-02-25T23:53:11.555Z [info]: Discord.js debug:
2025-02-26T20:03:21.552Z [info]: [Redis] Aktive Konfiguration:
2025-02-26T20:03:21.555Z [info]: [Redis] Aktive Konfiguration:
2025-02-26T20:03:21.801Z [info]: Discord.js debug:
2025-02-26T20:03:21.802Z [info]: Discord.js debug:
2025-02-26T20:03:21.846Z [info]: Redis Publisher verbunden
2025-02-26T20:03:21.847Z [info]: Redis Subscriber verbunden
2025-02-26T20:03:22.020Z [info]: Discord.js debug:
2025-02-26T20:03:22.021Z [info]: Discord.js debug:
2025-02-26T20:03:22.022Z [info]: Discord.js debug:
2025-02-26T20:03:22.026Z [info]: Discord.js debug:
2025-02-26T20:03:22.176Z [info]: Discord.js debug:
2025-02-26T20:03:22.177Z [info]: Discord.js debug:
2025-02-26T20:03:22.177Z [info]: Discord.js debug:
2025-02-26T20:03:22.178Z [info]: Discord.js debug:
2025-02-26T20:03:22.385Z [info]: Discord.js debug:
2025-02-26T20:03:22.386Z [info]: Bot ist online
2025-02-26T20:03:22.454Z [warn]: No zones found, channel mapping not rebuilt.
2025-02-26T20:03:22.454Z [info]: 🔔 Abonniere Redis-Kanal: rolesRequest
2025-02-26T20:03:22.455Z [info]: 🔔 Abonniere Redis-Kanal: categoryCreated
2025-02-26T20:03:22.455Z [info]: 🔄 Initialisiere Category-Update Handler
2025-02-26T20:03:22.456Z [info]: 🔔 Abonniere Redis-Kanal: categoryUpdated
2025-02-26T20:03:22.456Z [info]: 🔔 Abonniere Redis-Kanal: categoryDeleted
2025-02-26T20:03:22.457Z [info]: 🔔 Abonniere Redis-Kanal: zoneCreated
2025-02-26T20:03:22.457Z [info]: 🔔 Abonniere Redis-Kanal: zoneUpdated
2025-02-26T20:03:22.457Z [info]: 🔔 Abonniere Redis-Kanal: zoneDeleted
2025-02-26T20:03:22.512Z [info]: HTTP-Server läuft auf Port 3003
2025-02-26T20:03:22.512Z [info]: GraphQL-Endpunkt: http://localhost:3003/graphql
2025-02-26T20:03:22.513Z [info]: ✅ Erfolgreich auf rolesRequest abonniert
2025-02-26T20:03:22.513Z [info]: ✅ Erfolgreich auf categoryCreated abonniert
2025-02-26T20:03:22.514Z [info]: ✅ Erfolgreich auf categoryUpdated abonniert
2025-02-26T20:03:22.514Z [info]: ✅ Erfolgreich auf categoryDeleted abonniert
2025-02-26T20:03:22.514Z [info]: ✅ Erfolgreich auf zoneCreated abonniert
2025-02-26T20:03:22.514Z [info]: ✅ Erfolgreich auf zoneUpdated abonniert
2025-02-26T20:03:22.515Z [info]: ✅ Erfolgreich auf zoneDeleted abonniert
2025-02-26T20:03:45.523Z [info]: Discord.js debug:
2025-02-26T20:03:45.651Z [info]: Discord.js debug:
2025-02-26T20:04:26.902Z [info]: Discord.js debug:
2025-02-26T20:05:08.166Z [info]: Discord.js debug:
2025-02-26T20:05:49.415Z [info]: Discord.js debug:
2025-02-26T20:06:30.686Z [info]: Discord.js debug:
2025-02-26T20:07:11.932Z [info]: Discord.js debug:
2025-02-26T20:07:53.194Z [info]: Discord.js debug:
2025-02-26T20:08:34.449Z [info]: Discord.js debug:
2025-02-26T20:09:15.712Z [info]: Discord.js debug:
2025-02-26T20:09:56.974Z [info]: Discord.js debug:
2025-02-26T20:10:38.228Z [info]: Discord.js debug:
2025-02-26T20:11:19.476Z [info]: Discord.js debug:
2025-02-26T20:12:00.739Z [info]: Discord.js debug:
2025-02-26T20:12:41.990Z [info]: Discord.js debug:
2025-02-26T20:13:23.250Z [info]: Discord.js debug:
2025-02-26T20:14:04.510Z [info]: Discord.js debug:
2025-02-26T20:14:45.762Z [info]: Discord.js debug:
2025-02-26T20:15:27.017Z [info]: Discord.js debug:
2025-02-26T20:16:08.276Z [info]: Discord.js debug:
2025-02-26T20:16:49.524Z [info]: Discord.js debug:
2025-02-26T20:17:30.780Z [info]: Discord.js debug:
2025-02-26T20:18:12.045Z [info]: Discord.js debug:
2025-02-26T20:18:53.312Z [info]: Discord.js debug:
2025-02-26T20:19:34.571Z [info]: Discord.js debug:
2025-02-26T20:20:15.829Z [info]: Discord.js debug:
2025-02-26T20:20:57.084Z [info]: Discord.js debug:
2025-02-26T20:21:38.345Z [info]: Discord.js debug:
2025-02-26T20:22:19.618Z [info]: Discord.js debug:
2025-02-26T20:23:00.865Z [info]: Discord.js debug:
2025-02-26T20:23:42.138Z [info]: Discord.js debug:
2025-02-26T20:24:23.379Z [info]: Discord.js debug:
2025-02-26T20:25:04.650Z [info]: Discord.js debug:
2025-02-26T20:25:45.899Z [info]: Discord.js debug:
2025-02-26T20:26:27.148Z [info]: Discord.js debug:
2025-02-26T20:27:08.398Z [info]: Discord.js debug:
2025-02-26T20:27:49.652Z [info]: Discord.js debug:
2025-02-26T20:28:30.914Z [info]: Discord.js debug:
2025-02-26T20:29:12.189Z [info]: Discord.js debug:
2025-02-26T20:29:53.434Z [info]: Discord.js debug:
2025-02-26T20:30:34.695Z [info]: Discord.js debug:
2025-02-26T20:31:15.959Z [info]: Discord.js debug:
2025-02-26T20:31:57.217Z [info]: Discord.js debug:
2025-02-26T20:32:38.474Z [info]: Discord.js debug:
2025-02-26T20:34:55.994Z [info]: [Redis] Aktive Konfiguration:
2025-02-26T20:34:55.998Z [info]: [Redis] Aktive Konfiguration:
2025-02-26T20:34:56.251Z [info]: Discord.js debug:
2025-02-26T20:34:56.252Z [info]: Discord.js debug:
2025-02-26T20:34:56.297Z [info]: Redis Publisher verbunden
2025-02-26T20:34:56.298Z [info]: Redis Subscriber verbunden
2025-02-26T20:34:56.547Z [info]: Discord.js debug:
2025-02-26T20:34:56.547Z [info]: Discord.js debug:
2025-02-26T20:34:56.549Z [info]: Discord.js debug:
2025-02-26T20:34:56.552Z [info]: Discord.js debug:
2025-02-26T20:34:56.704Z [info]: Discord.js debug:
2025-02-26T20:34:56.705Z [info]: Discord.js debug:
2025-02-26T20:34:56.705Z [info]: Discord.js debug:
2025-02-26T20:34:56.706Z [info]: Discord.js debug:
2025-02-26T20:34:56.917Z [info]: Discord.js debug:
2025-02-26T20:34:56.918Z [info]: Bot ist online
2025-02-26T20:34:56.955Z [warn]: No zones found, channel mapping not rebuilt.
2025-02-26T20:34:56.956Z [info]: 🔔 Abonniere Redis-Kanal: rolesRequest
2025-02-26T20:34:56.957Z [info]: 🔔 Abonniere Redis-Kanal: categoryCreated
2025-02-26T20:34:56.957Z [info]: 🔄 Initialisiere Category-Update Handler
2025-02-26T20:34:56.957Z [info]: 🔔 Abonniere Redis-Kanal: categoryUpdated
2025-02-26T20:34:56.958Z [info]: 🔔 Abonniere Redis-Kanal: categoryDeleted
2025-02-26T20:34:56.959Z [info]: 🔔 Abonniere Redis-Kanal: zoneCreated
2025-02-26T20:34:56.959Z [info]: 🔔 Abonniere Redis-Kanal: zoneUpdated
2025-02-26T20:34:56.960Z [info]: 🔔 Abonniere Redis-Kanal: zoneDeleted
2025-02-26T20:34:57.011Z [info]: HTTP-Server läuft auf Port 3003
2025-02-26T20:34:57.011Z [info]: GraphQL-Endpunkt: http://localhost:3003/graphql
2025-02-26T20:34:57.012Z [info]: ✅ Erfolgreich auf rolesRequest abonniert
2025-02-26T20:34:57.013Z [info]: ✅ Erfolgreich auf categoryCreated abonniert
2025-02-26T20:34:57.013Z [info]: ✅ Erfolgreich auf categoryUpdated abonniert
2025-02-26T20:34:57.013Z [info]: ✅ Erfolgreich auf categoryDeleted abonniert
2025-02-26T20:34:57.014Z [info]: ✅ Erfolgreich auf zoneCreated abonniert
2025-02-26T20:34:57.014Z [info]: ✅ Erfolgreich auf zoneUpdated abonniert
2025-02-26T20:34:57.014Z [info]: ✅ Erfolgreich auf zoneDeleted abonniert
2025-02-26T20:35:24.517Z [info]: Discord.js debug:
2025-02-26T20:35:24.628Z [info]: Discord.js debug:
2025-02-26T20:36:05.898Z [info]: Discord.js debug:
2025-02-26T20:36:47.139Z [info]: Discord.js debug:
2025-02-26T20:37:28.395Z [info]: Discord.js debug:
2025-02-26T20:38:09.643Z [info]: Discord.js debug:
2025-02-26T20:38:50.908Z [info]: Discord.js debug:
2025-02-26T20:39:32.164Z [info]: Discord.js debug:
2025-02-26T20:40:13.432Z [info]: Discord.js debug:
2025-02-26T20:40:54.681Z [info]: Discord.js debug:
2025-02-26T20:41:35.942Z [info]: Discord.js debug:
2025-02-26T20:42:17.195Z [info]: Discord.js debug:
2025-02-26T20:42:58.453Z [info]: Discord.js debug:
2025-02-26T20:43:39.701Z [info]: Discord.js debug:
2025-02-26T20:44:20.961Z [info]: Discord.js debug:
2025-02-26T20:45:02.212Z [info]: Discord.js debug:
2025-02-26T20:45:43.475Z [info]: Discord.js debug:
2025-02-26T20:46:24.738Z [info]: Discord.js debug:
2025-02-26T20:47:05.999Z [info]: Discord.js debug:
2025-02-26T20:47:47.252Z [info]: Discord.js debug:
2025-02-26T20:48:28.513Z [info]: Discord.js debug:
2025-02-26T20:49:09.769Z [info]: Discord.js debug:
2025-02-26T20:49:51.027Z [info]: Discord.js debug:
2025-02-26T20:50:32.294Z [info]: Discord.js debug:
2025-02-26T20:51:13.549Z [info]: Discord.js debug:
2025-02-26T20:51:54.802Z [info]: Discord.js debug:
2025-02-26T20:52:36.059Z [info]: Discord.js debug:
2025-02-26T20:53:17.325Z [info]: Discord.js debug:
2025-02-26T20:53:58.584Z [info]: Discord.js debug:
2025-02-26T20:54:39.828Z [info]: Discord.js debug:
2025-02-26T20:55:21.093Z [info]: Discord.js debug:
2025-02-26T20:56:02.341Z [info]: Discord.js debug:
2025-02-26T20:56:43.610Z [info]: Discord.js debug:
2025-02-26T20:57:24.865Z [info]: Discord.js debug:
2025-02-26T20:58:06.114Z [info]: Discord.js debug:
2025-02-26T20:58:47.382Z [info]: Discord.js debug:
2025-02-26T20:59:28.626Z [info]: Discord.js debug:
2025-02-26T21:00:09.877Z [info]: Discord.js debug:
2025-02-26T21:00:51.133Z [info]: Discord.js debug:
2025-02-26T21:01:32.389Z [info]: Discord.js debug:
2025-02-26T21:02:13.645Z [info]: Discord.js debug:
2025-02-26T21:02:54.899Z [info]: Discord.js debug:
2025-02-26T21:03:36.153Z [info]: Discord.js debug:
2025-02-26T21:04:17.437Z [info]: Discord.js debug:
2025-02-26T21:04:58.667Z [info]: Discord.js debug:
2025-02-26T21:05:39.921Z [info]: Discord.js debug:
2025-02-26T21:06:21.178Z [info]: Discord.js debug:
2025-02-26T21:07:02.446Z [info]: Discord.js debug:
2025-02-26T21:07:43.698Z [info]: Discord.js debug:
2025-02-26T21:08:24.953Z [info]: Discord.js debug:
2025-02-26T21:09:06.211Z [info]: Discord.js debug:
2025-02-26T21:09:47.482Z [info]: Discord.js debug:
2025-02-26T21:10:28.730Z [info]: Discord.js debug:
2025-02-26T21:11:09.994Z [info]: Discord.js debug:
2025-02-26T21:11:51.241Z [info]: Discord.js debug:
2025-02-26T21:12:32.505Z [info]: Discord.js debug:
2025-02-26T21:13:13.741Z [info]: Discord.js debug:
2025-02-26T21:13:54.996Z [info]: Discord.js debug:
2025-02-26T21:14:36.245Z [info]: Discord.js debug:
2025-02-26T21:15:17.510Z [info]: Discord.js debug:
2025-02-26T21:15:58.756Z [info]: Discord.js debug:
2025-02-26T21:16:40.016Z [info]: Discord.js debug:
2025-02-26T21:17:21.266Z [info]: Discord.js debug:
