2025-02-20T23:30:59.722Z [info]: Bot is online
2025-02-20T23:30:59.780Z [info]: HTTP server listening on port 3003
2025-02-20T23:30:59.781Z [info]: GraphQL endpoint available at http://localhost:3003/graphql
2025-02-20T23:31:37.170Z [info]: Bot is online
2025-02-20T23:31:37.227Z [info]: HTTP server listening on port 3003
2025-02-20T23:31:37.228Z [info]: GraphQL endpoint available at http://localhost:3003/graphql
2025-02-20T23:32:09.028Z [info]: Bot is online
2025-02-20T23:32:09.091Z [info]: HTTP server listening on port 3003
2025-02-20T23:32:09.091Z [info]: GraphQL endpoint available at http://localhost:3003/graphql
2025-02-20T23:32:14.258Z [info]: Bot is online
2025-02-20T23:32:14.313Z [info]: HTTP server listening on port 3003
2025-02-20T23:32:14.313Z [info]: GraphQL endpoint available at http://localhost:3003/graphql
2025-02-20T23:52:17.033Z [info]: Bot ist online
2025-02-20T23:52:17.096Z [info]: HTTP-Server läuft auf Port 3003
2025-02-20T23:52:17.097Z [info]: GraphQL-Endpunkt: http://localhost:3003/graphql
2025-02-20T23:59:43.102Z [info]: Bot ist online
2025-02-20T23:59:43.163Z [info]: HTTP-Server läuft auf Port 3003
2025-02-20T23:59:43.164Z [info]: GraphQL-Endpunkt: http://localhost:3003/graphql
2025-02-21T00:20:00.814Z [info]: Bot ist online
2025-02-21T00:20:00.880Z [info]: HTTP-Server läuft auf Port 3003
2025-02-21T00:20:00.880Z [info]: GraphQL-Endpunkt: http://localhost:3003/graphql
2025-02-21T08:24:32.981Z [info]: Bot ist online
2025-02-21T08:24:33.109Z [info]: HTTP-Server läuft auf Port 3003
2025-02-21T08:24:33.110Z [info]: GraphQL-Endpunkt: http://localhost:3003/graphql
2025-02-21T08:36:12.198Z [info]: Bot ist online
2025-02-21T08:36:12.257Z [info]: HTTP-Server läuft auf Port 3003
2025-02-21T08:36:12.257Z [info]: GraphQL-Endpunkt: http://localhost:3003/graphql
2025-02-21T08:42:03.683Z [info]: Bot ist online
2025-02-21T08:42:03.745Z [info]: HTTP-Server läuft auf Port 3003
2025-02-21T08:42:03.745Z [info]: GraphQL-Endpunkt: http://localhost:3003/graphql
2025-02-21T08:43:26.983Z [info]: Bot ist online
2025-02-21T08:43:27.043Z [info]: HTTP-Server läuft auf Port 3003
2025-02-21T08:43:27.043Z [info]: GraphQL-Endpunkt: http://localhost:3003/graphql
2025-02-21T08:48:41.182Z [info]: Bot ist online
2025-02-21T08:48:41.243Z [info]: HTTP-Server läuft auf Port 3003
2025-02-21T08:48:41.244Z [info]: GraphQL-Endpunkt: http://localhost:3003/graphql
2025-02-21T08:49:48.507Z [info]: Bot ist online
2025-02-21T08:49:48.572Z [info]: HTTP-Server läuft auf Port 3003
2025-02-21T08:49:48.572Z [info]: GraphQL-Endpunkt: http://localhost:3003/graphql
2025-02-21T08:52:32.959Z [info]: Bot ist online
2025-02-21T08:52:33.031Z [info]: HTTP-Server läuft auf Port 3003
2025-02-21T08:52:33.031Z [info]: GraphQL-Endpunkt: http://localhost:3003/graphql
2025-02-21T08:53:17.505Z [info]: Bot ist online
2025-02-21T08:53:17.562Z [info]: HTTP-Server läuft auf Port 3003
2025-02-21T08:53:17.562Z [info]: GraphQL-Endpunkt: http://localhost:3003/graphql
2025-02-21T08:54:00.299Z [info]: Bot ist online
2025-02-21T08:54:00.357Z [info]: HTTP-Server läuft auf Port 3003
2025-02-21T08:54:00.358Z [info]: GraphQL-Endpunkt: http://localhost:3003/graphql
2025-02-21T08:54:04.910Z [info]: Bot ist online
2025-02-21T08:54:04.973Z [info]: HTTP-Server läuft auf Port 3003
2025-02-21T08:54:04.974Z [info]: GraphQL-Endpunkt: http://localhost:3003/graphql
2025-02-21T08:57:50.381Z [info]: Bot ist online
2025-02-21T08:57:50.440Z [info]: HTTP-Server läuft auf Port 3003
2025-02-21T08:57:50.440Z [info]: GraphQL-Endpunkt: http://localhost:3003/graphql
2025-02-21T08:58:01.548Z [info]: Bot ist online
2025-02-21T08:58:01.605Z [info]: HTTP-Server läuft auf Port 3003
2025-02-21T08:58:01.605Z [info]: GraphQL-Endpunkt: http://localhost:3003/graphql
2025-02-21T08:58:15.767Z [info]: Bot ist online
2025-02-21T08:58:15.823Z [info]: HTTP-Server läuft auf Port 3003
2025-02-21T08:58:15.823Z [info]: GraphQL-Endpunkt: http://localhost:3003/graphql
2025-02-21T08:58:56.469Z [info]: Bot ist online
2025-02-21T08:58:56.528Z [info]: HTTP-Server läuft auf Port 3003
2025-02-21T08:58:56.528Z [info]: GraphQL-Endpunkt: http://localhost:3003/graphql
2025-02-21T08:59:02.132Z [info]: Bot ist online
2025-02-21T08:59:02.188Z [info]: HTTP-Server läuft auf Port 3003
2025-02-21T08:59:02.188Z [info]: GraphQL-Endpunkt: http://localhost:3003/graphql
2025-02-21T08:59:17.924Z [info]: Bot ist online
2025-02-21T08:59:17.980Z [info]: HTTP-Server läuft auf Port 3003
2025-02-21T08:59:17.981Z [info]: GraphQL-Endpunkt: http://localhost:3003/graphql
2025-02-21T08:59:23.687Z [info]: Bot ist online
2025-02-21T08:59:23.748Z [info]: HTTP-Server läuft auf Port 3003
2025-02-21T08:59:23.748Z [info]: GraphQL-Endpunkt: http://localhost:3003/graphql
2025-02-21T08:59:32.595Z [info]: Bot ist online
2025-02-21T08:59:32.661Z [info]: HTTP-Server läuft auf Port 3003
2025-02-21T08:59:32.661Z [info]: GraphQL-Endpunkt: http://localhost:3003/graphql
2025-02-21T08:59:37.052Z [info]: Bot ist online
2025-02-21T08:59:37.111Z [info]: HTTP-Server läuft auf Port 3003
2025-02-21T08:59:37.112Z [info]: GraphQL-Endpunkt: http://localhost:3003/graphql
2025-02-21T09:07:36.111Z [info]: Bot ist online
2025-02-21T09:07:36.167Z [info]: HTTP-Server läuft auf Port 3003
2025-02-21T09:07:36.167Z [info]: GraphQL-Endpunkt: http://localhost:3003/graphql
2025-02-21T09:07:40.118Z [info]: Bot ist online
2025-02-21T09:07:40.180Z [info]: HTTP-Server läuft auf Port 3003
2025-02-21T09:07:40.181Z [info]: GraphQL-Endpunkt: http://localhost:3003/graphql
2025-02-21T09:07:51.773Z [info]: Bot ist online
2025-02-21T09:07:51.835Z [info]: HTTP-Server läuft auf Port 3003
2025-02-21T09:07:51.836Z [info]: GraphQL-Endpunkt: http://localhost:3003/graphql
2025-02-21T09:08:03.259Z [info]: Bot ist online
2025-02-21T09:08:03.314Z [info]: HTTP-Server läuft auf Port 3003
2025-02-21T09:08:03.315Z [info]: GraphQL-Endpunkt: http://localhost:3003/graphql
2025-02-21T09:08:31.600Z [info]: Bot ist online
2025-02-21T09:08:31.658Z [info]: HTTP-Server läuft auf Port 3003
2025-02-21T09:08:31.658Z [info]: GraphQL-Endpunkt: http://localhost:3003/graphql
2025-02-21T09:08:45.628Z [info]: Bot ist online
2025-02-21T09:08:45.685Z [info]: HTTP-Server läuft auf Port 3003
2025-02-21T09:08:45.686Z [info]: GraphQL-Endpunkt: http://localhost:3003/graphql
2025-02-21T09:09:03.908Z [info]: Bot ist online
2025-02-21T09:09:03.965Z [info]: HTTP-Server läuft auf Port 3003
2025-02-21T09:09:03.966Z [info]: GraphQL-Endpunkt: http://localhost:3003/graphql
2025-02-21T09:09:14.598Z [info]: Bot ist online
2025-02-21T09:09:14.659Z [info]: HTTP-Server läuft auf Port 3003
2025-02-21T09:09:14.659Z [info]: GraphQL-Endpunkt: http://localhost:3003/graphql
2025-02-21T09:11:45.624Z [info]: Bot ist online
2025-02-21T09:11:45.685Z [info]: HTTP-Server läuft auf Port 3003
2025-02-21T09:11:45.685Z [info]: GraphQL-Endpunkt: http://localhost:3003/graphql
2025-02-21T09:39:22.733Z [info]: Bot ist online
2025-02-21T09:39:22.790Z [info]: HTTP-Server läuft auf Port 3003
2025-02-21T09:39:22.791Z [info]: GraphQL-Endpunkt: http://localhost:3003/graphql
2025-02-21T09:50:46.206Z [info]: Bot ist online
2025-02-21T09:50:46.271Z [info]: HTTP-Server läuft auf Port 3003
2025-02-21T09:50:46.272Z [info]: GraphQL-Endpunkt: http://localhost:3003/graphql
2025-02-21T09:54:44.681Z [info]: Bot ist online
2025-02-21T09:54:44.739Z [info]: HTTP-Server läuft auf Port 3003
2025-02-21T09:54:44.739Z [info]: GraphQL-Endpunkt: http://localhost:3003/graphql
2025-02-21T09:57:36.846Z [info]: Bot ist online
2025-02-21T09:57:36.904Z [info]: HTTP-Server läuft auf Port 3003
2025-02-21T09:57:36.905Z [info]: GraphQL-Endpunkt: http://localhost:3003/graphql
2025-02-21T09:58:58.213Z [info]: Bot ist online
2025-02-21T09:58:58.275Z [info]: HTTP-Server läuft auf Port 3003
2025-02-21T09:58:58.276Z [info]: GraphQL-Endpunkt: http://localhost:3003/graphql
2025-02-21T09:59:31.317Z [info]: Bot ist online
2025-02-21T09:59:31.383Z [info]: HTTP-Server läuft auf Port 3003
2025-02-21T09:59:31.384Z [info]: GraphQL-Endpunkt: http://localhost:3003/graphql
2025-02-21T09:59:41.837Z [info]: Bot ist online
2025-02-21T09:59:41.895Z [info]: HTTP-Server läuft auf Port 3003
2025-02-21T09:59:41.895Z [info]: GraphQL-Endpunkt: http://localhost:3003/graphql
2025-02-21T10:06:37.122Z [info]: Bot ist online
2025-02-21T10:06:37.179Z [info]: HTTP-Server läuft auf Port 3003
2025-02-21T10:06:37.180Z [info]: GraphQL-Endpunkt: http://localhost:3003/graphql
2025-02-21T10:07:38.453Z [info]: Bot ist online
2025-02-21T10:07:38.514Z [info]: HTTP-Server läuft auf Port 3003
2025-02-21T10:07:38.515Z [info]: GraphQL-Endpunkt: http://localhost:3003/graphql
2025-02-21T10:11:24.037Z [info]: Bot ist online
2025-02-21T10:11:24.093Z [info]: HTTP-Server läuft auf Port 3003
2025-02-21T10:11:24.094Z [info]: GraphQL-Endpunkt: http://localhost:3003/graphql
2025-02-21T10:24:02.509Z [info]: Bot ist online
2025-02-21T10:24:02.567Z [info]: HTTP-Server läuft auf Port 3003
2025-02-21T10:24:02.567Z [info]: GraphQL-Endpunkt: http://localhost:3003/graphql
2025-02-21T10:24:30.356Z [info]: Bot ist online
2025-02-21T10:24:30.411Z [info]: HTTP-Server läuft auf Port 3003
2025-02-21T10:24:30.412Z [info]: GraphQL-Endpunkt: http://localhost:3003/graphql
2025-02-21T10:25:10.265Z [info]: Bot ist online
2025-02-21T10:25:10.321Z [info]: HTTP-Server läuft auf Port 3003
2025-02-21T10:25:10.321Z [info]: GraphQL-Endpunkt: http://localhost:3003/graphql
2025-02-21T10:25:20.470Z [info]: Bot ist online
2025-02-21T10:25:20.527Z [info]: HTTP-Server läuft auf Port 3003
2025-02-21T10:25:20.528Z [info]: GraphQL-Endpunkt: http://localhost:3003/graphql
2025-02-21T10:27:10.896Z [info]: Bot ist online
2025-02-21T10:27:10.952Z [info]: HTTP-Server läuft auf Port 3003
2025-02-21T10:27:10.953Z [info]: GraphQL-Endpunkt: http://localhost:3003/graphql
2025-02-21T10:27:37.774Z [info]: Bot ist online
2025-02-21T10:27:37.830Z [info]: HTTP-Server läuft auf Port 3003
2025-02-21T10:27:37.830Z [info]: GraphQL-Endpunkt: http://localhost:3003/graphql
2025-02-21T10:30:18.654Z [info]: Bot ist online
2025-02-21T10:30:18.719Z [info]: HTTP-Server läuft auf Port 3003
2025-02-21T10:30:18.719Z [info]: GraphQL-Endpunkt: http://localhost:3003/graphql
2025-02-21T10:31:39.980Z [info]: Bot ist online
2025-02-21T10:31:40.036Z [info]: HTTP-Server läuft auf Port 3003
2025-02-21T10:31:40.036Z [info]: GraphQL-Endpunkt: http://localhost:3003/graphql
2025-02-21T10:31:59.595Z [info]: Bot ist online
2025-02-21T10:31:59.652Z [info]: HTTP-Server läuft auf Port 3003
2025-02-21T10:31:59.653Z [info]: GraphQL-Endpunkt: http://localhost:3003/graphql
2025-02-21T10:32:14.370Z [info]: Bot ist online
2025-02-21T10:32:14.428Z [info]: HTTP-Server läuft auf Port 3003
2025-02-21T10:32:14.429Z [info]: GraphQL-Endpunkt: http://localhost:3003/graphql
2025-02-21T10:43:43.006Z [info]: Bot ist online
2025-02-21T10:43:43.063Z [info]: HTTP-Server läuft auf Port 3003
2025-02-21T10:43:43.063Z [info]: GraphQL-Endpunkt: http://localhost:3003/graphql
2025-02-21T10:52:32.602Z [info]: Bot ist online
2025-02-21T10:52:32.662Z [info]: HTTP-Server läuft auf Port 3003
2025-02-21T10:52:32.663Z [info]: GraphQL-Endpunkt: http://localhost:3003/graphql
2025-02-21T10:56:43.087Z [info]: Bot ist online
2025-02-21T10:56:43.143Z [info]: HTTP-Server läuft auf Port 3003
2025-02-21T10:56:43.144Z [info]: GraphQL-Endpunkt: http://localhost:3003/graphql
2025-02-21T10:56:58.866Z [info]: Bot ist online
2025-02-21T10:56:58.921Z [info]: HTTP-Server läuft auf Port 3003
2025-02-21T10:56:58.922Z [info]: GraphQL-Endpunkt: http://localhost:3003/graphql
2025-02-21T11:15:15.948Z [info]: Bot ist online
2025-02-21T11:15:16.023Z [info]: HTTP-Server läuft auf Port 3003
2025-02-21T11:15:16.023Z [info]: GraphQL-Endpunkt: http://localhost:3003/graphql
2025-02-21T13:12:44.181Z [info]: Bot ist online
2025-02-21T13:14:28.332Z [info]: Bot ist online
2025-02-21T13:15:06.743Z [info]: Bot ist online
2025-02-21T13:15:24.091Z [info]: Bot ist online
2025-02-21T13:17:02.663Z [info]: Bot ist online
2025-02-21T13:17:02.719Z [info]: HTTP-Server läuft auf Port 3003
2025-02-21T13:17:02.719Z [info]: GraphQL-Endpunkt: http://localhost:3003/graphql
2025-02-21T13:32:58.439Z [info]: Bot ist online
2025-02-21T13:32:58.497Z [info]: HTTP-Server läuft auf Port 3003
2025-02-21T13:32:58.498Z [info]: GraphQL-Endpunkt: http://localhost:3003/graphql
2025-02-21T13:34:35.528Z [info]: Bot ist online
2025-02-21T13:34:35.588Z [info]: HTTP-Server läuft auf Port 3003
2025-02-21T13:34:35.589Z [info]: GraphQL-Endpunkt: http://localhost:3003/graphql
2025-02-21T13:38:31.682Z [info]: Bot ist online
2025-02-21T13:38:31.739Z [info]: HTTP-Server läuft auf Port 3003
2025-02-21T13:38:31.740Z [info]: GraphQL-Endpunkt: http://localhost:3003/graphql
2025-02-21T13:42:15.817Z [info]: Bot ist online
2025-02-21T13:42:15.875Z [info]: HTTP-Server läuft auf Port 3003
2025-02-21T13:42:15.876Z [info]: GraphQL-Endpunkt: http://localhost:3003/graphql
2025-02-21T13:50:18.896Z [info]: Bot ist online
2025-02-21T13:50:18.967Z [info]: HTTP-Server läuft auf Port 3003
2025-02-21T13:50:18.968Z [info]: GraphQL-Endpunkt: http://localhost:3003/graphql
2025-02-21T13:50:23.409Z [info]: Bot ist online
2025-02-21T13:50:23.465Z [info]: HTTP-Server läuft auf Port 3003
2025-02-21T13:50:23.466Z [info]: GraphQL-Endpunkt: http://localhost:3003/graphql
2025-02-21T13:50:46.265Z [info]: Bot ist online
2025-02-21T13:50:46.324Z [info]: HTTP-Server läuft auf Port 3003
2025-02-21T13:50:46.324Z [info]: GraphQL-Endpunkt: http://localhost:3003/graphql
2025-02-21T13:50:55.466Z [info]: Bot ist online
2025-02-21T13:50:55.525Z [info]: HTTP-Server läuft auf Port 3003
2025-02-21T13:50:55.525Z [info]: GraphQL-Endpunkt: http://localhost:3003/graphql
2025-02-21T13:53:00.592Z [info]: Bot ist online
2025-02-21T13:53:00.650Z [info]: HTTP-Server läuft auf Port 3003
2025-02-21T13:53:00.650Z [info]: GraphQL-Endpunkt: http://localhost:3003/graphql
2025-02-21T13:54:00.629Z [info]: Bot ist online
2025-02-21T13:54:00.686Z [info]: HTTP-Server läuft auf Port 3003
2025-02-21T13:54:00.686Z [info]: GraphQL-Endpunkt: http://localhost:3003/graphql
2025-02-21T13:54:19.350Z [info]: Bot ist online
2025-02-21T13:54:19.407Z [info]: HTTP-Server läuft auf Port 3003
2025-02-21T13:54:19.408Z [info]: GraphQL-Endpunkt: http://localhost:3003/graphql
2025-02-21T13:55:41.330Z [info]: Bot ist online
2025-02-21T13:55:41.390Z [info]: HTTP-Server läuft auf Port 3003
2025-02-21T13:55:41.390Z [info]: GraphQL-Endpunkt: http://localhost:3003/graphql
2025-02-21T14:34:20.005Z [info]: Bot ist online
2025-02-21T14:34:20.069Z [info]: HTTP-Server läuft auf Port 3003
2025-02-21T14:34:20.069Z [info]: GraphQL-Endpunkt: http://localhost:3003/graphql
2025-02-21T14:34:29.802Z [info]: Bot ist online
2025-02-21T14:34:29.859Z [info]: HTTP-Server läuft auf Port 3003
2025-02-21T14:34:29.859Z [info]: GraphQL-Endpunkt: http://localhost:3003/graphql
2025-02-21T14:36:16.343Z [info]: Bot ist online
2025-02-21T14:36:16.407Z [info]: HTTP-Server läuft auf Port 3003
2025-02-21T14:36:16.407Z [info]: GraphQL-Endpunkt: http://localhost:3003/graphql
2025-02-21T14:59:42.699Z [info]: Bot ist online
2025-02-21T15:04:22.561Z [info]: Bot ist online
2025-02-21T15:04:22.619Z [info]: HTTP-Server läuft auf Port 3003
2025-02-21T15:04:22.620Z [info]: GraphQL-Endpunkt: http://localhost:3003/graphql
2025-02-21T16:37:50.821Z [info]: Bot ist online
2025-02-21T16:37:50.893Z [info]: HTTP-Server läuft auf Port 3003
2025-02-21T16:37:50.894Z [info]: GraphQL-Endpunkt: http://localhost:3003/graphql
2025-02-21T16:38:19.016Z [info]: Bot ist online
2025-02-21T16:38:19.075Z [info]: HTTP-Server läuft auf Port 3003
2025-02-21T16:38:19.075Z [info]: GraphQL-Endpunkt: http://localhost:3003/graphql
2025-02-21T17:00:59.978Z [info]: Bot ist online
2025-02-21T17:01:00.051Z [info]: HTTP-Server läuft auf Port 3003
2025-02-21T17:01:00.051Z [info]: GraphQL-Endpunkt: http://localhost:3003/graphql
2025-02-21T17:01:29.748Z [info]: Bot ist online
2025-02-21T17:01:29.806Z [info]: HTTP-Server läuft auf Port 3003
2025-02-21T17:01:29.807Z [info]: GraphQL-Endpunkt: http://localhost:3003/graphql
2025-02-21T17:08:01.194Z [info]: Bot ist online
2025-02-21T17:08:01.263Z [info]: HTTP-Server läuft auf Port 3003
2025-02-21T17:08:01.264Z [info]: GraphQL-Endpunkt: http://localhost:3003/graphql
2025-02-21T17:08:14.182Z [info]: Bot ist online
2025-02-21T17:08:14.241Z [info]: HTTP-Server läuft auf Port 3003
2025-02-21T17:08:14.242Z [info]: GraphQL-Endpunkt: http://localhost:3003/graphql
2025-02-21T17:08:18.781Z [info]: Bot ist online
2025-02-21T17:08:18.854Z [info]: HTTP-Server läuft auf Port 3003
2025-02-21T17:08:18.855Z [info]: GraphQL-Endpunkt: http://localhost:3003/graphql
2025-02-21T17:11:11.498Z [info]: Bot ist online
2025-02-21T17:11:11.562Z [info]: HTTP-Server läuft auf Port 3003
2025-02-21T17:11:11.563Z [info]: GraphQL-Endpunkt: http://localhost:3003/graphql
2025-02-21T17:11:25.236Z [info]: Bot ist online
2025-02-21T17:11:25.296Z [info]: HTTP-Server läuft auf Port 3003
2025-02-21T17:11:25.297Z [info]: GraphQL-Endpunkt: http://localhost:3003/graphql
2025-02-21T17:11:30.859Z [info]: Bot ist online
2025-02-21T17:11:30.941Z [info]: HTTP-Server läuft auf Port 3003
2025-02-21T17:11:30.942Z [info]: GraphQL-Endpunkt: http://localhost:3003/graphql
2025-02-21T17:11:36.073Z [info]: Bot ist online
2025-02-21T17:11:36.133Z [info]: HTTP-Server läuft auf Port 3003
2025-02-21T17:11:36.134Z [info]: GraphQL-Endpunkt: http://localhost:3003/graphql
2025-02-21T17:11:48.311Z [info]: Bot ist online
2025-02-21T17:11:48.368Z [info]: HTTP-Server läuft auf Port 3003
2025-02-21T17:11:48.369Z [info]: GraphQL-Endpunkt: http://localhost:3003/graphql
2025-02-21T17:12:00.087Z [info]: Bot ist online
2025-02-21T17:12:00.159Z [info]: HTTP-Server läuft auf Port 3003
2025-02-21T17:12:00.160Z [info]: GraphQL-Endpunkt: http://localhost:3003/graphql
2025-02-21T17:12:11.634Z [info]: Bot ist online
2025-02-21T17:12:11.698Z [info]: HTTP-Server läuft auf Port 3003
2025-02-21T17:12:11.699Z [info]: GraphQL-Endpunkt: http://localhost:3003/graphql
2025-02-21T17:12:25.647Z [info]: Bot ist online
2025-02-21T17:12:25.722Z [info]: HTTP-Server läuft auf Port 3003
2025-02-21T17:12:25.723Z [info]: GraphQL-Endpunkt: http://localhost:3003/graphql
2025-02-21T17:16:07.484Z [info]: Bot ist online
2025-02-21T17:16:07.549Z [info]: HTTP-Server läuft auf Port 3003
2025-02-21T17:16:07.550Z [info]: GraphQL-Endpunkt: http://localhost:3003/graphql
2025-02-21T17:31:16.914Z [info]: Bot ist online
2025-02-21T17:31:16.974Z [info]: HTTP-Server läuft auf Port 3003
2025-02-21T17:31:16.974Z [info]: GraphQL-Endpunkt: http://localhost:3003/graphql
2025-02-21T17:32:54.551Z [info]: Bot ist online
2025-02-21T17:32:54.611Z [info]: HTTP-Server läuft auf Port 3003
2025-02-21T17:32:54.612Z [info]: GraphQL-Endpunkt: http://localhost:3003/graphql
2025-02-21T17:40:23.643Z [info]: Bot ist online
2025-02-21T17:40:23.704Z [info]: HTTP-Server läuft auf Port 3003
2025-02-21T17:40:23.705Z [info]: GraphQL-Endpunkt: http://localhost:3003/graphql
2025-02-21T17:41:24.269Z [info]: Bot ist online
2025-02-21T17:41:24.328Z [info]: HTTP-Server läuft auf Port 3003
2025-02-21T17:41:24.329Z [info]: GraphQL-Endpunkt: http://localhost:3003/graphql
2025-02-21T17:48:27.802Z [info]: Bot ist online
2025-02-21T17:48:27.861Z [info]: HTTP-Server läuft auf Port 3003
2025-02-21T17:48:27.862Z [info]: GraphQL-Endpunkt: http://localhost:3003/graphql
2025-02-21T17:53:06.552Z [info]: Bot ist online
2025-02-21T17:53:06.610Z [info]: HTTP-Server läuft auf Port 3003
2025-02-21T17:53:06.610Z [info]: GraphQL-Endpunkt: http://localhost:3003/graphql
2025-02-21T19:02:28.944Z [info]: Bot ist online
2025-02-21T19:02:29.009Z [info]: HTTP-Server läuft auf Port 3003
2025-02-21T19:02:29.009Z [info]: GraphQL-Endpunkt: http://localhost:3003/graphql
2025-02-21T19:03:48.789Z [info]: Bot ist online
2025-02-21T19:03:48.847Z [info]: HTTP-Server läuft auf Port 3003
2025-02-21T19:03:48.847Z [info]: GraphQL-Endpunkt: http://localhost:3003/graphql
2025-02-21T19:08:58.698Z [info]: Bot ist online
2025-02-21T19:08:58.759Z [info]: HTTP-Server läuft auf Port 3003
2025-02-21T19:08:58.759Z [info]: GraphQL-Endpunkt: http://localhost:3003/graphql
2025-02-21T19:17:06.610Z [info]: Bot ist online
2025-02-21T19:17:06.669Z [info]: HTTP-Server läuft auf Port 3003
2025-02-21T19:17:06.670Z [info]: GraphQL-Endpunkt: http://localhost:3003/graphql
2025-02-21T19:19:17.967Z [info]: Bot ist online
2025-02-21T19:19:18.027Z [info]: HTTP-Server läuft auf Port 3003
2025-02-21T19:19:18.027Z [info]: GraphQL-Endpunkt: http://localhost:3003/graphql
2025-02-21T19:23:01.042Z [info]: Bot ist online
2025-02-21T19:23:01.102Z [info]: HTTP-Server läuft auf Port 3003
2025-02-21T19:23:01.103Z [info]: GraphQL-Endpunkt: http://localhost:3003/graphql
2025-02-21T19:30:39.268Z [info]: Bot ist online
2025-02-21T19:30:39.336Z [info]: HTTP-Server läuft auf Port 3003
2025-02-21T19:30:39.336Z [info]: GraphQL-Endpunkt: http://localhost:3003/graphql
2025-02-21T19:30:54.196Z [info]: Bot ist online
2025-02-21T19:30:54.254Z [info]: HTTP-Server läuft auf Port 3003
2025-02-21T19:30:54.255Z [info]: GraphQL-Endpunkt: http://localhost:3003/graphql
2025-02-21T19:35:02.919Z [info]: Bot ist online
2025-02-21T19:35:02.982Z [info]: HTTP-Server läuft auf Port 3003
2025-02-21T19:35:02.983Z [info]: GraphQL-Endpunkt: http://localhost:3003/graphql
2025-02-21T19:45:02.281Z [info]: Bot ist online
2025-02-21T19:45:02.340Z [info]: HTTP-Server läuft auf Port 3003
2025-02-21T19:45:02.340Z [info]: GraphQL-Endpunkt: http://localhost:3003/graphql
2025-02-21T19:45:11.209Z [info]: Bot ist online
2025-02-21T19:45:11.271Z [info]: HTTP-Server läuft auf Port 3003
2025-02-21T19:45:11.272Z [info]: GraphQL-Endpunkt: http://localhost:3003/graphql
2025-02-21T19:45:30.538Z [info]: Bot ist online
2025-02-21T19:45:30.598Z [info]: HTTP-Server läuft auf Port 3003
2025-02-21T19:45:30.598Z [info]: GraphQL-Endpunkt: http://localhost:3003/graphql
2025-02-21T20:03:22.187Z [info]: Bot ist online
2025-02-21T20:03:22.248Z [info]: HTTP-Server läuft auf Port 3003
2025-02-21T20:03:22.249Z [info]: GraphQL-Endpunkt: http://localhost:3003/graphql
2025-02-21T20:03:41.774Z [info]: Bot ist online
2025-02-21T20:03:41.834Z [info]: HTTP-Server läuft auf Port 3003
2025-02-21T20:03:41.834Z [info]: GraphQL-Endpunkt: http://localhost:3003/graphql
2025-02-21T20:18:54.264Z [info]: Bot ist online
2025-02-21T20:18:54.325Z [info]: HTTP-Server läuft auf Port 3003
2025-02-21T20:18:54.325Z [info]: GraphQL-Endpunkt: http://localhost:3003/graphql
2025-02-21T20:24:18.616Z [info]: Bot ist online
2025-02-21T20:24:18.679Z [info]: HTTP-Server läuft auf Port 3003
2025-02-21T20:24:18.679Z [info]: GraphQL-Endpunkt: http://localhost:3003/graphql
2025-02-21T20:38:14.295Z [info]: Bot ist online
2025-02-21T20:38:14.357Z [info]: HTTP-Server läuft auf Port 3003
2025-02-21T20:38:14.357Z [info]: GraphQL-Endpunkt: http://localhost:3003/graphql
2025-02-21T21:04:16.982Z [info]: Bot ist online
2025-02-21T21:04:17.044Z [info]: HTTP-Server läuft auf Port 3003
2025-02-21T21:04:17.044Z [info]: GraphQL-Endpunkt: http://localhost:3003/graphql
2025-02-21T21:11:19.739Z [info]: Bot ist online
2025-02-21T21:11:19.801Z [info]: HTTP-Server läuft auf Port 3003
2025-02-21T21:11:19.801Z [info]: GraphQL-Endpunkt: http://localhost:3003/graphql
2025-02-21T21:33:07.227Z [info]: Bot ist online
2025-02-21T21:33:07.286Z [info]: HTTP-Server läuft auf Port 3003
2025-02-21T21:33:07.286Z [info]: GraphQL-Endpunkt: http://localhost:3003/graphql
2025-02-21T21:34:21.695Z [info]: Bot ist online
2025-02-21T21:34:21.761Z [info]: HTTP-Server läuft auf Port 3003
2025-02-21T21:34:21.762Z [info]: GraphQL-Endpunkt: http://localhost:3003/graphql
2025-02-21T21:54:05.523Z [info]: Bot ist online
2025-02-21T21:54:05.586Z [info]: HTTP-Server läuft auf Port 3003
2025-02-21T21:54:05.586Z [info]: GraphQL-Endpunkt: http://localhost:3003/graphql
2025-02-21T22:45:17.728Z [info]: Bot ist online
2025-02-21T22:45:17.807Z [info]: HTTP-Server läuft auf Port 3003
2025-02-21T22:45:17.808Z [info]: GraphQL-Endpunkt: http://localhost:3003/graphql
